#
# There is insufficient memory for the Java Runtime Environment to continue.
# Native memory allocation (mmap) failed to map 25165824 bytes for G1 virtual space
# Possible reasons:
#   The system is out of physical RAM or swap space
#   The process is running with CompressedOops enabled, and the Java Heap may be blocking the growth of the native heap
# Possible solutions:
#   Reduce memory load on the system
#   Increase physical memory or swap space
#   Check if swap backing store is full
#   Decrease Java heap size (-Xmx/-Xms)
#   Decrease number of Java threads
#   Decrease Java thread stack sizes (-Xss)
#   Set larger code cache with -XX:ReservedCodeCacheSize=
#   JVM is running with Unscaled Compressed Oops mode in which the Java heap is
#     placed in the first 4GB address space. The Java Heap base address is the
#     maximum limit for the native heap growth. Please use -XX:HeapBaseMinAddress
#     to set the Java Heap base and to place the Java Heap above 4GB virtual address.
# This output file may be truncated or incomplete.
#
#  Out of Memory Error (os_windows.cpp:3532), pid=1776, tid=7848
#
# JRE version: OpenJDK Runtime Environment Temurin-17.0.2+8 (17.0.2+8) (build 17.0.2+8)
# Java VM: OpenJDK 64-Bit Server VM Temurin-17.0.2+8 (17.0.2+8, mixed mode, emulated-client, tiered, compressed oops, compressed class ptrs, g1 gc, windows-amd64)
# No core dump will be written. Minidumps are not enabled by default on client versions of Windows
#

---------------  S U M M A R Y ------------

Command Line: -Dcom.sun.management.jmxremote -Dcom.sun.management.jmxremote.port=64593 -Dcom.sun.management.jmxremote.authenticate=false -Dcom.sun.management.jmxremote.ssl=false -Djava.rmi.server.hostname=localhost -Dspring.jmx.enabled=true -Dspring.application.admin.enabled=true -XX:TieredStopAtLevel=1 -Dspring.boot.project.name=famacia -Dfile.encoding=UTF-8 -XX:+ShowCodeDetailsInExceptionMessages com.generation.farmacia.FamaciaApplication --spring.output.ansi.enabled=always

Host: Intel(R) Core(TM) i5-8250U CPU @ 1.60GHz, 8 cores, 7G,  Windows 11 , 64 bit Build 22000 (10.0.22000.613)
Time: Thu May  5 14:02:45 2022 Hora oficial do Brasil elapsed time: 4.820737 seconds (0d 0h 0m 4s)

---------------  T H R E A D  ---------------

Current thread (0x0000023d044629c0):  VMThread "VM Thread" [stack: 0x000000dafca00000,0x000000dafcb00000] [id=7848]

Stack: [0x000000dafca00000,0x000000dafcb00000]
Native frames: (J=compiled Java code, j=interpreted, Vv=VM code, C=native code)
V  [jvm.dll+0x67564a]
V  [jvm.dll+0x82fc04]
V  [jvm.dll+0x8313ae]
V  [jvm.dll+0x831a13]
V  [jvm.dll+0x245235]
V  [jvm.dll+0x672539]
V  [jvm.dll+0x666e82]
V  [jvm.dll+0x30401b]
V  [jvm.dll+0x30b566]
V  [jvm.dll+0x35b1fe]
V  [jvm.dll+0x35b42f]
V  [jvm.dll+0x2daf58]
V  [jvm.dll+0x2d920c]
V  [jvm.dll+0x2d87dc]
V  [jvm.dll+0x31c61b]
V  [jvm.dll+0x835ebb]
V  [jvm.dll+0x836bf4]
V  [jvm.dll+0x83710c]
V  [jvm.dll+0x8374e4]
V  [jvm.dll+0x8375b0]
V  [jvm.dll+0x7dff2a]
V  [jvm.dll+0x6744d5]
C  [ucrtbase.dll+0x26c0c]
C  [KERNEL32.DLL+0x154e0]
C  [ntdll.dll+0x485b]

VM_Operation (0x000000dafe6f9390): G1CollectForAllocation, mode: safepoint, requested by thread 0x0000023d053371c0


---------------  P R O C E S S  ---------------

Threads class SMR info:
_java_thread_list=0x0000023d074c8d70, length=29, elements={
0x0000023d766b9b30, 0x0000023d04486260, 0x0000023d04488e20, 0x0000023d044a34d0,
0x0000023d044a3e80, 0x0000023d044a4830, 0x0000023d0500e490, 0x0000023d0500ed50,
0x0000023d0502c240, 0x0000023d0515f180, 0x0000023d050d8fc0, 0x0000023d051f3b30,
0x0000023d05720eb0, 0x0000023d05743f10, 0x0000023d05726ba0, 0x0000023d057a16c0,
0x0000023d05aae0e0, 0x0000023d05b58790, 0x0000023d053371c0, 0x0000023d068b7790,
0x0000023d06871040, 0x0000023d06910020, 0x0000023d06942d50, 0x0000023d069436f0,
0x0000023d069423b0, 0x0000023d06941ee0, 0x0000023d06944090, 0x0000023d06942880,
0x0000023d06943220
}

Java Threads: ( => current thread )
  0x0000023d766b9b30 JavaThread "main" [_thread_blocked, id=11084, stack(0x000000dafc400000,0x000000dafc500000)]
  0x0000023d04486260 JavaThread "Reference Handler" daemon [_thread_blocked, id=7528, stack(0x000000dafcb00000,0x000000dafcc00000)]
  0x0000023d04488e20 JavaThread "Finalizer" daemon [_thread_blocked, id=14936, stack(0x000000dafcc00000,0x000000dafcd00000)]
  0x0000023d044a34d0 JavaThread "Signal Dispatcher" daemon [_thread_blocked, id=2716, stack(0x000000dafcd00000,0x000000dafce00000)]
  0x0000023d044a3e80 JavaThread "Attach Listener" daemon [_thread_blocked, id=14708, stack(0x000000dafce00000,0x000000dafcf00000)]
  0x0000023d044a4830 JavaThread "Service Thread" daemon [_thread_blocked, id=14124, stack(0x000000dafcf00000,0x000000dafd000000)]
  0x0000023d0500e490 JavaThread "Monitor Deflation Thread" daemon [_thread_blocked, id=1920, stack(0x000000dafd000000,0x000000dafd100000)]
  0x0000023d0500ed50 JavaThread "C1 CompilerThread0" daemon [_thread_blocked, id=4456, stack(0x000000dafd100000,0x000000dafd200000)]
  0x0000023d0502c240 JavaThread "Sweeper thread" daemon [_thread_blocked, id=3892, stack(0x000000dafd200000,0x000000dafd300000)]
  0x0000023d0515f180 JavaThread "Common-Cleaner" daemon [_thread_blocked, id=4608, stack(0x000000dafd300000,0x000000dafd400000)]
  0x0000023d050d8fc0 JavaThread "C1 CompilerThread1" daemon [_thread_blocked, id=5588, stack(0x000000dafd400000,0x000000dafd500000)]
  0x0000023d051f3b30 JavaThread "Notification Thread" daemon [_thread_blocked, id=4856, stack(0x000000dafd500000,0x000000dafd600000)]
  0x0000023d05720eb0 JavaThread "RMI TCP Accept-0" daemon [_thread_in_native, id=11096, stack(0x000000dafd600000,0x000000dafd700000)]
  0x0000023d05743f10 JavaThread "RMI TCP Accept-64593" daemon [_thread_in_native, id=2032, stack(0x000000dafd700000,0x000000dafd800000)]
  0x0000023d05726ba0 JavaThread "RMI TCP Accept-0" daemon [_thread_in_native, id=5664, stack(0x000000dafd800000,0x000000dafd900000)]
  0x0000023d057a16c0 JavaThread "C1 CompilerThread2" daemon [_thread_blocked, id=8856, stack(0x000000dafda00000,0x000000dafdb00000)]
  0x0000023d05aae0e0 JavaThread "C1 CompilerThread3" daemon [_thread_blocked, id=14212, stack(0x000000dafdb00000,0x000000dafdc00000)]
  0x0000023d05b58790 JavaThread "Thread-0" [_thread_blocked, id=7008, stack(0x000000dafdc00000,0x000000dafdd00000)]
  0x0000023d053371c0 JavaThread "restartedMain" [_thread_blocked, id=3260, stack(0x000000dafe600000,0x000000dafe700000)]
  0x0000023d068b7790 JavaThread "RMI TCP Connection(1)-127.0.0.1" daemon [_thread_in_native, id=13048, stack(0x000000dafe700000,0x000000dafe800000)]
  0x0000023d06871040 JavaThread "RMI Scheduler(0)" daemon [_thread_blocked, id=10992, stack(0x000000dafe800000,0x000000dafe900000)]
  0x0000023d06910020 JavaThread "RMI TCP Connection(2)-127.0.0.1" daemon [_thread_in_native, id=8904, stack(0x000000dafe900000,0x000000dafea00000)]
  0x0000023d06942d50 JavaThread "JMX server connection timeout 25" daemon [_thread_blocked, id=10880, stack(0x000000dafea00000,0x000000dafeb00000)]
  0x0000023d069436f0 JavaThread "Catalina-utility-1" [_thread_blocked, id=1360, stack(0x000000dafeb00000,0x000000dafec00000)]
  0x0000023d069423b0 JavaThread "Catalina-utility-2" [_thread_blocked, id=7584, stack(0x000000dafed00000,0x000000dafee00000)]
  0x0000023d06941ee0 JavaThread "container-0" [_thread_blocked, id=4124, stack(0x000000dafee00000,0x000000dafef00000)]
  0x0000023d06944090 JavaThread "mysql-cj-abandoned-connection-cleanup" daemon [_thread_blocked, id=13632, stack(0x000000dafef00000,0x000000daff000000)]
  0x0000023d06942880 JavaThread "HikariPool-1 housekeeper" daemon [_thread_blocked, id=13100, stack(0x000000daff100000,0x000000daff200000)]
  0x0000023d06943220 JavaThread "HikariPool-1 connection adder" daemon [_thread_blocked, id=14608, stack(0x000000daff200000,0x000000daff300000)]

Other Threads:
=>0x0000023d044629c0 VMThread "VM Thread" [stack: 0x000000dafca00000,0x000000dafcb00000] [id=7848]
  0x0000023d05727070 WatcherThread [stack: 0x000000dafd900000,0x000000dafda00000] [id=9300]
  0x0000023d766fc5e0 GCTaskThread "GC Thread#0" [stack: 0x000000dafc500000,0x000000dafc600000] [id=4392]
  0x0000023d05b3c430 GCTaskThread "GC Thread#1" [stack: 0x000000dafdd00000,0x000000dafde00000] [id=1704]
  0x0000023d05ba3a80 GCTaskThread "GC Thread#2" [stack: 0x000000dafde00000,0x000000dafdf00000] [id=2616]
  0x0000023d05ba3d30 GCTaskThread "GC Thread#3" [stack: 0x000000dafdf00000,0x000000dafe000000] [id=3664]
  0x0000023d05bed450 GCTaskThread "GC Thread#4" [stack: 0x000000dafe000000,0x000000dafe100000] [id=13820]
  0x0000023d05bed700 GCTaskThread "GC Thread#5" [stack: 0x000000dafe100000,0x000000dafe200000] [id=688]
  0x0000023d05bed9b0 GCTaskThread "GC Thread#6" [stack: 0x000000dafe200000,0x000000dafe300000] [id=6208]
  0x0000023d05bedc60 GCTaskThread "GC Thread#7" [stack: 0x000000dafe300000,0x000000dafe400000] [id=1000]
  0x0000023d7670d720 ConcurrentGCThread "G1 Main Marker" [stack: 0x000000dafc600000,0x000000dafc700000] [id=13980]
  0x0000023d7670dfd0 ConcurrentGCThread "G1 Conc#0" [stack: 0x000000dafc700000,0x000000dafc800000] [id=1188]
  0x0000023d06a36580 ConcurrentGCThread "G1 Conc#1" [stack: 0x000000dafec00000,0x000000dafed00000] [id=12624]
  0x0000023d042c0090 ConcurrentGCThread "G1 Refine#0" [stack: 0x000000dafc800000,0x000000dafc900000] [id=12620]
  0x0000023d05336c00 ConcurrentGCThread "G1 Refine#1" [stack: 0x000000dafe400000,0x000000dafe500000] [id=12920]
  0x0000023d05336ee0 ConcurrentGCThread "G1 Refine#2" [stack: 0x000000dafe500000,0x000000dafe600000] [id=9672]
  0x0000023d042c1960 ConcurrentGCThread "G1 Service" [stack: 0x000000dafc900000,0x000000dafca00000] [id=10984]

Threads with active compile tasks:

VM state: at safepoint (normal execution)

VM Mutex/Monitor currently owned by a thread:  ([mutex/lock_event])
[0x0000023d766a3210] Threads_lock - owner thread: 0x0000023d044629c0
[0x0000023d766a2ac0] Heap_lock - owner thread: 0x0000023d053371c0

Heap address: 0x0000000082200000, size: 2014 MB, Compressed Oops mode: 32-bit

CDS archive(s) not mapped
Compressed class space mapped at: 0x0000000100000000-0x0000000140000000, reserved size: 1073741824
Narrow klass base: 0x0000000000000000, Narrow klass shift: 3, Narrow klass range: 0x140000000

GC Precious Log:
 CPUs: 8 total, 8 available
 Memory: 8050M
 Large Page Support: Disabled
 NUMA Support: Disabled
 Compressed Oops: Enabled (32-bit)
 Heap Region Size: 1M
 Heap Min Capacity: 8M
 Heap Initial Capacity: 126M
 Heap Max Capacity: 2014M
 Pre-touch: Disabled
 Parallel Workers: 8
 Concurrent Workers: 2
 Concurrent Refinement Workers: 8
 Periodic GC: Disabled

Heap:
 garbage-first heap   total 61440K, used 25380K [0x0000000082200000, 0x0000000100000000)
  region size 1024K, 1 young (1024K), 1 survivors (1024K)
 Metaspace       used 62878K, committed 63296K, reserved 1105920K
  class space    used 8508K, committed 8704K, reserved 1048576K

Heap Regions: E=young(eden), S=young(survivor), O=old, HS=humongous(starts), HC=humongous(continues), CS=collection set, F=free, OA=open archive, CA=closed archive, TAMS=top-at-mark-start (previous, next)
|   0|0x0000000082200000, 0x0000000082300000, 0x0000000082300000|100%|HS|  |TAMS 0x0000000082300000, 0x0000000082200000| Complete 
|   1|0x0000000082300000, 0x0000000082400000, 0x0000000082400000|100%| O|  |TAMS 0x0000000082400000, 0x0000000082300000| Untracked 
|   2|0x0000000082400000, 0x0000000082500000, 0x0000000082500000|100%| O|  |TAMS 0x0000000082500000, 0x0000000082400000| Untracked 
|   3|0x0000000082500000, 0x0000000082600000, 0x0000000082600000|100%| O|  |TAMS 0x0000000082600000, 0x0000000082500000| Untracked 
|   4|0x0000000082600000, 0x0000000082700000, 0x0000000082700000|100%| O|  |TAMS 0x0000000082700000, 0x0000000082600000| Untracked 
|   5|0x0000000082700000, 0x0000000082800000, 0x0000000082800000|100%| O|  |TAMS 0x0000000082800000, 0x0000000082700000| Untracked 
|   6|0x0000000082800000, 0x0000000082900000, 0x0000000082900000|100%| O|  |TAMS 0x0000000082900000, 0x0000000082800000| Untracked 
|   7|0x0000000082900000, 0x0000000082a00000, 0x0000000082a00000|100%| O|  |TAMS 0x0000000082a00000, 0x0000000082900000| Untracked 
|   8|0x0000000082a00000, 0x0000000082b00000, 0x0000000082b00000|100%| O|  |TAMS 0x0000000082b00000, 0x0000000082a00000| Untracked 
|   9|0x0000000082b00000, 0x0000000082c00000, 0x0000000082c00000|100%| O|  |TAMS 0x0000000082c00000, 0x0000000082b00000| Untracked 
|  10|0x0000000082c00000, 0x0000000082d00000, 0x0000000082d00000|100%| O|  |TAMS 0x0000000082d00000, 0x0000000082c00000| Untracked 
|  11|0x0000000082d00000, 0x0000000082e00000, 0x0000000082e00000|100%| O|  |TAMS 0x0000000082e00000, 0x0000000082d00000| Untracked 
|  12|0x0000000082e00000, 0x0000000082f00000, 0x0000000082f00000|100%| O|  |TAMS 0x0000000082f00000, 0x0000000082e00000| Untracked 
|  13|0x0000000082f00000, 0x0000000083000000, 0x0000000083000000|100%| O|  |TAMS 0x0000000083000000, 0x0000000082f00000| Untracked 
|  14|0x0000000083000000, 0x0000000083100000, 0x0000000083100000|100%| O|  |TAMS 0x0000000083100000, 0x0000000083000000| Untracked 
|  15|0x0000000083100000, 0x0000000083100000, 0x0000000083200000|  0%| F|  |TAMS 0x0000000083100000, 0x0000000083100000| Untracked 
|  16|0x0000000083200000, 0x0000000083300000, 0x0000000083300000|100%| O|  |TAMS 0x0000000083300000, 0x0000000083200000| Untracked 
|  17|0x0000000083300000, 0x0000000083400000, 0x0000000083400000|100%| O|  |TAMS 0x0000000083400000, 0x0000000083300000| Untracked 
|  18|0x0000000083400000, 0x0000000083500000, 0x0000000083500000|100%| O|  |TAMS 0x0000000083500000, 0x0000000083400000| Untracked 
|  19|0x0000000083500000, 0x0000000083600000, 0x0000000083600000|100%| O|  |TAMS 0x00000000835e5c00, 0x0000000083500000| Untracked 
|  20|0x0000000083600000, 0x0000000083700000, 0x0000000083700000|100%| O|  |TAMS 0x0000000083600000, 0x0000000083600000| Untracked 
|  21|0x0000000083700000, 0x0000000083800000, 0x0000000083800000|100%| O|  |TAMS 0x0000000083700000, 0x0000000083700000| Untracked 
|  22|0x0000000083800000, 0x0000000083900000, 0x0000000083900000|100%| O|  |TAMS 0x0000000083800000, 0x0000000083800000| Untracked 
|  23|0x0000000083900000, 0x0000000083a00000, 0x0000000083a00000|100%| O|  |TAMS 0x0000000083900000, 0x0000000083900000| Untracked 
|  24|0x0000000083a00000, 0x0000000083b00000, 0x0000000083b00000|100%| O|  |TAMS 0x0000000083a00000, 0x0000000083a00000| Untracked 
|  25|0x0000000083b00000, 0x0000000083b33a00, 0x0000000083c00000| 20%| O|  |TAMS 0x0000000083b00000, 0x0000000083b00000| Untracked 
|  26|0x0000000083c00000, 0x0000000083c00000, 0x0000000083d00000|  0%| F|  |TAMS 0x0000000083c00000, 0x0000000083c00000| Untracked 
|  27|0x0000000083d00000, 0x0000000083d00000, 0x0000000083e00000|  0%| F|  |TAMS 0x0000000083d00000, 0x0000000083d00000| Untracked 
|  28|0x0000000083e00000, 0x0000000083e00000, 0x0000000083f00000|  0%| F|  |TAMS 0x0000000083e00000, 0x0000000083e00000| Untracked 
|  29|0x0000000083f00000, 0x0000000083f00000, 0x0000000084000000|  0%| F|  |TAMS 0x0000000083f00000, 0x0000000083f00000| Untracked 
|  30|0x0000000084000000, 0x0000000084000000, 0x0000000084100000|  0%| F|  |TAMS 0x0000000084000000, 0x0000000084000000| Untracked 
|  31|0x0000000084100000, 0x0000000084100000, 0x0000000084200000|  0%| F|  |TAMS 0x0000000084100000, 0x0000000084100000| Untracked 
|  32|0x0000000084200000, 0x0000000084200000, 0x0000000084300000|  0%| F|  |TAMS 0x0000000084200000, 0x0000000084200000| Untracked 
|  33|0x0000000084300000, 0x0000000084300000, 0x0000000084400000|  0%| F|  |TAMS 0x0000000084300000, 0x0000000084300000| Untracked 
|  34|0x0000000084400000, 0x0000000084400000, 0x0000000084500000|  0%| F|  |TAMS 0x0000000084400000, 0x0000000084400000| Untracked 
|  35|0x0000000084500000, 0x0000000084500000, 0x0000000084600000|  0%| F|  |TAMS 0x0000000084500000, 0x0000000084500000| Untracked 
|  36|0x0000000084600000, 0x0000000084600000, 0x0000000084700000|  0%| F|  |TAMS 0x0000000084600000, 0x0000000084600000| Untracked 
|  37|0x0000000084700000, 0x0000000084700000, 0x0000000084800000|  0%| F|  |TAMS 0x0000000084700000, 0x0000000084700000| Untracked 
|  38|0x0000000084800000, 0x0000000084800000, 0x0000000084900000|  0%| F|  |TAMS 0x0000000084800000, 0x0000000084800000| Untracked 
|  39|0x0000000084900000, 0x0000000084900000, 0x0000000084a00000|  0%| F|  |TAMS 0x0000000084900000, 0x0000000084900000| Untracked 
|  40|0x0000000084a00000, 0x0000000084a00000, 0x0000000084b00000|  0%| F|  |TAMS 0x0000000084a00000, 0x0000000084a00000| Untracked 
|  41|0x0000000084b00000, 0x0000000084b00000, 0x0000000084c00000|  0%| F|  |TAMS 0x0000000084b00000, 0x0000000084b00000| Untracked 
|  42|0x0000000084c00000, 0x0000000084c00000, 0x0000000084d00000|  0%| F|  |TAMS 0x0000000084c00000, 0x0000000084c00000| Untracked 
|  43|0x0000000084d00000, 0x0000000084d00000, 0x0000000084e00000|  0%| F|  |TAMS 0x0000000084d00000, 0x0000000084d00000| Untracked 
|  44|0x0000000084e00000, 0x0000000084e00000, 0x0000000084f00000|  0%| F|  |TAMS 0x0000000084e00000, 0x0000000084e00000| Untracked 
|  45|0x0000000084f00000, 0x0000000084f00000, 0x0000000085000000|  0%| F|  |TAMS 0x0000000084f00000, 0x0000000084f00000| Untracked 
|  46|0x0000000085000000, 0x0000000085000000, 0x0000000085100000|  0%| F|  |TAMS 0x0000000085000000, 0x0000000085000000| Untracked 
|  47|0x0000000085100000, 0x0000000085100000, 0x0000000085200000|  0%| F|  |TAMS 0x0000000085100000, 0x0000000085100000| Untracked 
|  48|0x0000000085200000, 0x0000000085200000, 0x0000000085300000|  0%| F|  |TAMS 0x0000000085200000, 0x0000000085200000| Untracked 
|  49|0x0000000085300000, 0x0000000085300000, 0x0000000085400000|  0%| F|  |TAMS 0x0000000085300000, 0x0000000085300000| Untracked 
|  50|0x0000000085400000, 0x0000000085400000, 0x0000000085500000|  0%| F|  |TAMS 0x0000000085400000, 0x0000000085400000| Untracked 
|  51|0x0000000085500000, 0x0000000085500000, 0x0000000085600000|  0%| F|  |TAMS 0x0000000085500000, 0x0000000085500000| Untracked 
|  52|0x0000000085600000, 0x0000000085600000, 0x0000000085700000|  0%| F|  |TAMS 0x0000000085600000, 0x0000000085600000| Untracked 
|  53|0x0000000085700000, 0x0000000085700000, 0x0000000085800000|  0%| F|  |TAMS 0x0000000085700000, 0x0000000085700000| Untracked 
|  54|0x0000000085800000, 0x0000000085800000, 0x0000000085900000|  0%| F|  |TAMS 0x0000000085800000, 0x0000000085800000| Untracked 
|  55|0x0000000085900000, 0x0000000085900000, 0x0000000085a00000|  0%| F|  |TAMS 0x0000000085900000, 0x0000000085900000| Untracked 
|  56|0x0000000085a00000, 0x0000000085a00000, 0x0000000085b00000|  0%| F|  |TAMS 0x0000000085a00000, 0x0000000085a00000| Untracked 
|  57|0x0000000085b00000, 0x0000000085b00000, 0x0000000085c00000|  0%| F|  |TAMS 0x0000000085b00000, 0x0000000085b00000| Untracked 
|  58|0x0000000085c00000, 0x0000000085c95980, 0x0000000085d00000| 58%| S|CS|TAMS 0x0000000085c00000, 0x0000000085c00000| Complete 
| 125|0x0000000089f00000, 0x0000000089f00000, 0x000000008a000000|  0%| F|  |TAMS 0x0000000089f00000, 0x0000000089f00000| Untracked 

Card table byte_map: [0x0000023d7d270000,0x0000023d7d660000] _byte_map_base: 0x0000023d7ce5f000

Marking Bits (Prev, Next): (CMBitMap*) 0x0000023d766fcad0, (CMBitMap*) 0x0000023d766fca90
 Prev Bits: [0x0000023d00000000, 0x0000023d01f78000)
 Next Bits: [0x0000023d7da50000, 0x0000023d7f9c8000)

Polling page: 0x0000023d74680000

Metaspace:

Usage:
  Non-class:     53.10 MB used.
      Class:      8.31 MB used.
       Both:     61.40 MB used.

Virtual space:
  Non-class space:       56.00 MB reserved,      53.31 MB ( 95%) committed,  7 nodes.
      Class space:        1.00 GB reserved,       8.50 MB ( <1%) committed,  1 nodes.
             Both:        1.05 GB reserved,      61.81 MB (  6%) committed. 

Chunk freelists:
   Non-Class:  2.44 MB
       Class:  3.36 MB
        Both:  5.79 MB

MaxMetaspaceSize: unlimited
CompressedClassSpaceSize: 1.00 GB
Initial GC threshold: 21.00 MB
Current GC threshold: 98.88 MB
CDS: off
MetaspaceReclaimPolicy: balanced
 - commit_granule_bytes: 65536.
 - commit_granule_words: 8192.
 - virtual_space_node_default_size: 1048576.
 - enlarge_chunks_in_place: 1.
 - new_chunks_are_fully_committed: 0.
 - uncommit_free_chunks: 1.
 - use_allocation_guard: 0.
 - handle_deallocations: 1.


Internal statistics:

num_allocs_failed_limit: 9.
num_arena_births: 478.
num_arena_deaths: 0.
num_vsnodes_births: 8.
num_vsnodes_deaths: 0.
num_space_committed: 989.
num_space_uncommitted: 0.
num_chunks_returned_to_freelist: 9.
num_chunks_taken_from_freelist: 2339.
num_chunk_merges: 6.
num_chunk_splits: 1661.
num_chunks_enlarged: 1291.
num_purges: 0.
num_inconsistent_stats: 0.

CodeCache: size=49152Kb used=10488Kb max_used=10488Kb free=38663Kb
 bounds [0x0000023d79d70000, 0x0000023d7a7b0000, 0x0000023d7cd70000]
 total_blobs=5462 nmethods=4830 adapters=556
 compilation: enabled
              stopped_count=0, restarted_count=0
 full_count=0

Compilation events (20 events):
Event: 4.789 Thread 0x0000023d05aae0e0 4819   !   1       jdk.proxy2.$Proxy47::annotationType (29 bytes)
Event: 4.789 Thread 0x0000023d05aae0e0 nmethod 4819 0x0000023d7a7aaa10 code [0x0000023d7a7aabc0, 0x0000023d7a7aadd8]
Event: 4.791 Thread 0x0000023d057a16c0 4820   !   1       jdk.internal.reflect.GeneratedConstructorAccessor27::newInstance (53 bytes)
Event: 4.791 Thread 0x0000023d05aae0e0 4821       1       org.springframework.util.ReflectionUtils::doWithMethods (7 bytes)
Event: 4.791 Thread 0x0000023d05aae0e0 nmethod 4821 0x0000023d7a7aaf10 code [0x0000023d7a7ab0a0, 0x0000023d7a7ab168]
Event: 4.791 Thread 0x0000023d057a16c0 nmethod 4820 0x0000023d7a7ab210 code [0x0000023d7a7ab400, 0x0000023d7a7ab8a8]
Event: 4.793 Thread 0x0000023d057a16c0 4822       1       org.springframework.util.ReflectionUtils::getAllDeclaredMethods (38 bytes)
Event: 4.793 Thread 0x0000023d05aae0e0 4823       1       org.springframework.util.ReflectionUtils$$Lambda$563/0x000000010049b6b0::<init> (10 bytes)
Event: 4.793 Thread 0x0000023d05aae0e0 nmethod 4823 0x0000023d7a7abb90 code [0x0000023d7a7abd20, 0x0000023d7a7abe38]
Event: 4.793 Thread 0x0000023d057a16c0 nmethod 4822 0x0000023d7a7abe90 code [0x0000023d7a7ac060, 0x0000023d7a7ac2b8]
Event: 4.801 Thread 0x0000023d0500ed50 4824       1       java.util.HashSet::<init> (17 bytes)
Event: 4.801 Thread 0x0000023d0500ed50 nmethod 4824 0x0000023d7a7ac490 code [0x0000023d7a7ac660, 0x0000023d7a7ac808]
Event: 4.802 Thread 0x0000023d0500ed50 4825       1       org.springframework.util.ClassUtils::isAssignableValue (34 bytes)
Event: 4.802 Thread 0x0000023d0500ed50 nmethod 4825 0x0000023d7a7ac910 code [0x0000023d7a7acac0, 0x0000023d7a7acc78]
Event: 4.810 Thread 0x0000023d0500ed50 4828       1       org.springframework.beans.factory.support.DefaultListableBeanFactory::findAnnotationOnBean (8 bytes)
Event: 4.810 Thread 0x0000023d0500ed50 nmethod 4828 0x0000023d7a7ad390 code [0x0000023d7a7ad580, 0x0000023d7a7ad918]
Event: 4.811 Thread 0x0000023d0500ed50 4829   !   1       jdk.proxy2.$Proxy50::annotationType (29 bytes)
Event: 4.811 Thread 0x0000023d050d8fc0 4830       1       org.springframework.aop.scope.ScopedProxyUtils::isScopedTarget (19 bytes)
Event: 4.811 Thread 0x0000023d0500ed50 nmethod 4829 0x0000023d7a7adb10 code [0x0000023d7a7adcc0, 0x0000023d7a7aded8]
Event: 4.811 Thread 0x0000023d050d8fc0 nmethod 4830 0x0000023d7a7ae010 code [0x0000023d7a7ae1a0, 0x0000023d7a7ae2a8]

GC Heap History (20 events):
Event: 1.611 GC heap after
{Heap after GC invocations=6 (full 0):
 garbage-first heap   total 37888K, used 10913K [0x0000000082200000, 0x0000000100000000)
  region size 1024K, 1 young (1024K), 1 survivors (1024K)
 Metaspace       used 25132K, committed 25344K, reserved 1073152K
  class space    used 3098K, committed 3200K, reserved 1048576K
}
Event: 1.760 GC heap before
{Heap before GC invocations=6 (full 0):
 garbage-first heap   total 37888K, used 26273K [0x0000000082200000, 0x0000000100000000)
  region size 1024K, 17 young (17408K), 1 survivors (1024K)
 Metaspace       used 28372K, committed 28672K, reserved 1081344K
  class space    used 3448K, committed 3584K, reserved 1048576K
}
Event: 1.762 GC heap after
{Heap after GC invocations=7 (full 0):
 garbage-first heap   total 69632K, used 11492K [0x0000000082200000, 0x0000000100000000)
  region size 1024K, 2 young (2048K), 2 survivors (2048K)
 Metaspace       used 28372K, committed 28672K, reserved 1081344K
  class space    used 3448K, committed 3584K, reserved 1048576K
}
Event: 2.208 GC heap before
{Heap before GC invocations=7 (full 0):
 garbage-first heap   total 69632K, used 46308K [0x0000000082200000, 0x0000000100000000)
  region size 1024K, 36 young (36864K), 2 survivors (2048K)
 Metaspace       used 32328K, committed 32640K, reserved 1081344K
  class space    used 4055K, committed 4224K, reserved 1048576K
}
Event: 2.211 GC heap after
{Heap after GC invocations=8 (full 0):
 garbage-first heap   total 69632K, used 13508K [0x0000000082200000, 0x0000000100000000)
  region size 1024K, 4 young (4096K), 4 survivors (4096K)
 Metaspace       used 32328K, committed 32640K, reserved 1081344K
  class space    used 4055K, committed 4224K, reserved 1048576K
}
Event: 2.641 GC heap before
{Heap before GC invocations=8 (full 0):
 garbage-first heap   total 69632K, used 37060K [0x0000000082200000, 0x0000000100000000)
  region size 1024K, 28 young (28672K), 4 survivors (4096K)
 Metaspace       used 35843K, committed 36160K, reserved 1081344K
  class space    used 4629K, committed 4736K, reserved 1048576K
}
Event: 2.645 GC heap after
{Heap after GC invocations=9 (full 0):
 garbage-first heap   total 69632K, used 15756K [0x0000000082200000, 0x0000000100000000)
  region size 1024K, 5 young (5120K), 5 survivors (5120K)
 Metaspace       used 35843K, committed 36160K, reserved 1081344K
  class space    used 4629K, committed 4736K, reserved 1048576K
}
Event: 3.118 GC heap before
{Heap before GC invocations=10 (full 0):
 garbage-first heap   total 61440K, used 46476K [0x0000000082200000, 0x0000000100000000)
  region size 1024K, 36 young (36864K), 5 survivors (5120K)
 Metaspace       used 40875K, committed 41216K, reserved 1089536K
  class space    used 5257K, committed 5440K, reserved 1048576K
}
Event: 3.123 GC heap after
{Heap after GC invocations=11 (full 0):
 garbage-first heap   total 61440K, used 17899K [0x0000000082200000, 0x0000000100000000)
  region size 1024K, 5 young (5120K), 5 survivors (5120K)
 Metaspace       used 40875K, committed 41216K, reserved 1089536K
  class space    used 5257K, committed 5440K, reserved 1048576K
}
Event: 3.147 GC heap before
{Heap before GC invocations=11 (full 0):
 garbage-first heap   total 61440K, used 18923K [0x0000000082200000, 0x0000000100000000)
  region size 1024K, 6 young (6144K), 5 survivors (5120K)
 Metaspace       used 41105K, committed 41472K, reserved 1089536K
  class space    used 5306K, committed 5440K, reserved 1048576K
}
Event: 3.150 GC heap after
{Heap after GC invocations=12 (full 0):
 garbage-first heap   total 61440K, used 18475K [0x0000000082200000, 0x0000000100000000)
  region size 1024K, 1 young (1024K), 1 survivors (1024K)
 Metaspace       used 41105K, committed 41472K, reserved 1089536K
  class space    used 5306K, committed 5440K, reserved 1048576K
}
Event: 3.751 GC heap before
{Heap before GC invocations=12 (full 0):
 garbage-first heap   total 61440K, used 45099K [0x0000000082200000, 0x0000000100000000)
  region size 1024K, 28 young (28672K), 1 survivors (1024K)
 Metaspace       used 51351K, committed 51776K, reserved 1097728K
  class space    used 6755K, committed 6976K, reserved 1048576K
}
Event: 3.754 GC heap after
{Heap after GC invocations=13 (full 0):
 garbage-first heap   total 61440K, used 20441K [0x0000000082200000, 0x0000000100000000)
  region size 1024K, 3 young (3072K), 3 survivors (3072K)
 Metaspace       used 51351K, committed 51776K, reserved 1097728K
  class space    used 6755K, committed 6976K, reserved 1048576K
}
Event: 4.075 GC heap before
{Heap before GC invocations=13 (full 0):
 garbage-first heap   total 61440K, used 46041K [0x0000000082200000, 0x0000000100000000)
  region size 1024K, 29 young (29696K), 3 survivors (3072K)
 Metaspace       used 55359K, committed 55808K, reserved 1097728K
  class space    used 7283K, committed 7488K, reserved 1048576K
}
Event: 4.078 GC heap after
{Heap after GC invocations=14 (full 0):
 garbage-first heap   total 61440K, used 21923K [0x0000000082200000, 0x0000000100000000)
  region size 1024K, 2 young (2048K), 2 survivors (2048K)
 Metaspace       used 55359K, committed 55808K, reserved 1097728K
  class space    used 7283K, committed 7488K, reserved 1048576K
}
Event: 4.467 GC heap before
{Heap before GC invocations=14 (full 0):
 garbage-first heap   total 61440K, used 43427K [0x0000000082200000, 0x0000000100000000)
  region size 1024K, 24 young (24576K), 2 survivors (2048K)
 Metaspace       used 60100K, committed 60480K, reserved 1105920K
  class space    used 8039K, committed 8256K, reserved 1048576K
}
Event: 4.470 GC heap after
{Heap after GC invocations=15 (full 0):
 garbage-first heap   total 61440K, used 23170K [0x0000000082200000, 0x0000000100000000)
  region size 1024K, 3 young (3072K), 3 survivors (3072K)
 Metaspace       used 60100K, committed 60480K, reserved 1105920K
  class space    used 8039K, committed 8256K, reserved 1048576K
}
Event: 4.794 GC heap before
{Heap before GC invocations=16 (full 0):
 garbage-first heap   total 61440K, used 48770K [0x0000000082200000, 0x0000000100000000)
  region size 1024K, 28 young (28672K), 3 survivors (3072K)
 Metaspace       used 62767K, committed 63168K, reserved 1105920K
  class space    used 8488K, committed 8640K, reserved 1048576K
}
Event: 4.799 GC heap after
{Heap after GC invocations=17 (full 0):
 garbage-first heap   total 61440K, used 25278K [0x0000000082200000, 0x0000000100000000)
  region size 1024K, 4 young (4096K), 4 survivors (4096K)
 Metaspace       used 62767K, committed 63168K, reserved 1105920K
  class space    used 8488K, committed 8640K, reserved 1048576K
}
Event: 4.813 GC heap before
{Heap before GC invocations=17 (full 0):
 garbage-first heap   total 61440K, used 26302K [0x0000000082200000, 0x0000000100000000)
  region size 1024K, 5 young (5120K), 4 survivors (4096K)
 Metaspace       used 62878K, committed 63296K, reserved 1105920K
  class space    used 8508K, committed 8704K, reserved 1048576K
}

Deoptimization events (14 events):
Event: 0.831 Thread 0x0000023d766b9b30 DEOPT PACKING pc=0x0000023d79f9fb75 sp=0x000000dafc4fd5c0
Event: 0.831 Thread 0x0000023d766b9b30 DEOPT UNPACKING pc=0x0000023d79dc2b43 sp=0x000000dafc4fca18 mode 3
Event: 1.358 Thread 0x0000023d06941070 DEOPT PACKING pc=0x0000023d7a300f85 sp=0x000000dafebfbbf0
Event: 1.358 Thread 0x0000023d06941070 DEOPT UNPACKING pc=0x0000023d79dc2b43 sp=0x000000dafebfb150 mode 3
Event: 1.414 Thread 0x0000023d053371c0 DEOPT PACKING pc=0x0000023d7a31f019 sp=0x000000dafe6fca00
Event: 1.414 Thread 0x0000023d053371c0 DEOPT UNPACKING pc=0x0000023d79dc2b43 sp=0x000000dafe6fbee0 mode 3
Event: 2.139 Thread 0x0000023d053371c0 DEOPT PACKING pc=0x0000023d7a34a814 sp=0x000000dafe6fcec0
Event: 2.139 Thread 0x0000023d053371c0 DEOPT UNPACKING pc=0x0000023d79dc2b43 sp=0x000000dafe6fc418 mode 0
Event: 2.314 Thread 0x0000023d053371c0 DEOPT PACKING pc=0x0000023d7a4ee875 sp=0x000000dafe6fc4c0
Event: 2.314 Thread 0x0000023d053371c0 DEOPT UNPACKING pc=0x0000023d79dc2b43 sp=0x000000dafe6fb930 mode 3
Event: 2.719 Thread 0x0000023d053371c0 DEOPT PACKING pc=0x0000023d7a57dd7d sp=0x000000dafe6fc9c0
Event: 2.719 Thread 0x0000023d053371c0 DEOPT UNPACKING pc=0x0000023d79dc2b43 sp=0x000000dafe6fbf28 mode 3
Event: 4.678 Thread 0x0000023d053371c0 DEOPT PACKING pc=0x0000023d7a303c52 sp=0x000000dafe6fd4e0
Event: 4.678 Thread 0x0000023d053371c0 DEOPT UNPACKING pc=0x0000023d79dc2b43 sp=0x000000dafe6fc9e8 mode 3

Classes unloaded (0 events):
No events

Classes redefined (0 events):
No events

Internal exceptions (20 events):
Event: 4.614 Thread 0x0000023d053371c0 Exception <a 'java/lang/reflect/InvocationTargetException'{0x00000000851a0a80}> (0x00000000851a0a80) 
thrown [e:\jenkins\tmp\workspace\build\src\src\hotspot\share\runtime\reflection.cpp, line 1121]
Event: 4.623 Thread 0x0000023d053371c0 Exception <a 'java/lang/NoSuchMethodError'{0x000000008501b218}: 'java.lang.Object java.lang.invoke.DirectMethodHandle$Holder.invokeStatic(java.lang.Object, java.lang.Object, int, java.lang.Object)'> (0x000000008501b218) 
thrown [e:\jenkins\tmp\workspace\build\src\src\hotspot\share\interpreter\linkResolver.cpp, line 766]
Event: 4.623 Thread 0x0000023d053371c0 Exception <a 'java/lang/NoSuchMethodError'{0x0000000085022690}: 'java.lang.Object java.lang.invoke.DirectMethodHandle$Holder.newInvokeSpecial(java.lang.Object, java.lang.Object, int)'> (0x0000000085022690) 
thrown [e:\jenkins\tmp\workspace\build\src\src\hotspot\share\interpreter\linkResolver.cpp, line 766]
Event: 4.626 Thread 0x0000023d053371c0 Exception <a 'java/lang/IncompatibleClassChangeError'{0x0000000085052520}: Found class java.lang.Object, but interface was expected> (0x0000000085052520) 
thrown [e:\jenkins\tmp\workspace\build\src\src\hotspot\share\interpreter\linkResolver.cpp, line 833]
Event: 4.655 Thread 0x0000023d053371c0 Exception <a 'java/lang/reflect/InvocationTargetException'{0x0000000084ffe9f0}> (0x0000000084ffe9f0) 
thrown [e:\jenkins\tmp\workspace\build\src\src\hotspot\share\runtime\reflection.cpp, line 1121]
Event: 4.657 Thread 0x0000023d053371c0 Exception <a 'java/lang/reflect/InvocationTargetException'{0x0000000084e18290}> (0x0000000084e18290) 
thrown [e:\jenkins\tmp\workspace\build\src\src\hotspot\share\runtime\reflection.cpp, line 1121]
Event: 4.676 Thread 0x0000023d053371c0 Exception <a 'java/lang/NoSuchMethodError'{0x0000000084d7beb0}: 'java.lang.Object java.lang.invoke.DirectMethodHandle$Holder.invokeInterface(java.lang.Object, java.lang.Object, java.lang.Object, java.lang.Object)'> (0x0000000084d7beb0) 
thrown [e:\jenkins\tmp\workspace\build\src\src\hotspot\share\interpreter\linkResolver.cpp, line 766]
Event: 4.698 Thread 0x0000023d053371c0 Exception <a 'java/lang/ClassNotFoundException'{0x0000000084b17698}: java/lang/ObjectCustomizer> (0x0000000084b17698) 
thrown [e:\jenkins\tmp\workspace\build\src\src\hotspot\share\classfile\systemDictionary.cpp, line 256]
Event: 4.699 Thread 0x0000023d053371c0 Exception <a 'java/lang/ClassNotFoundException'{0x0000000084b20b08}: org/springframework/web/servlet/config/annotation/WebMvcConfigurationSupportCustomizer> (0x0000000084b20b08) 
thrown [e:\jenkins\tmp\workspace\build\src\src\hotspot\share\classfile\systemDictionary.cpp, line 256]
Event: 4.699 Thread 0x0000023d053371c0 Exception <a 'java/lang/ClassNotFoundException'{0x0000000084b36410}: org/springframework/web/servlet/config/annotation/DelegatingWebMvcConfigurationCustomizer> (0x0000000084b36410) 
thrown [e:\jenkins\tmp\workspace\build\src\src\hotspot\share\classfile\systemDictionary.cpp, line 256]
Event: 4.700 Thread 0x0000023d053371c0 Exception <a 'java/lang/ClassNotFoundException'{0x0000000084b410b0}: org/springframework/boot/autoconfigure/web/servlet/WebMvcAutoConfiguration$EnableWebMvcConfigurationCustomizer> (0x0000000084b410b0) 
thrown [e:\jenkins\tmp\workspace\build\src\src\hotspot\share\classfile\systemDictionary.cpp, line 256]
Event: 4.701 Thread 0x0000023d053371c0 Exception <a 'java/lang/ClassNotFoundException'{0x0000000084b55cc0}: org/springframework/context/ResourceLoaderAwareCustomizer> (0x0000000084b55cc0) 
thrown [e:\jenkins\tmp\workspace\build\src\src\hotspot\share\classfile\systemDictionary.cpp, line 256]
Event: 4.701 Thread 0x0000023d053371c0 Exception <a 'java/lang/ClassNotFoundException'{0x0000000084b5c080}: org/springframework/beans/factory/AwareCustomizer> (0x0000000084b5c080) 
thrown [e:\jenkins\tmp\workspace\build\src\src\hotspot\share\classfile\systemDictionary.cpp, line 256]
Event: 4.701 Thread 0x0000023d053371c0 Exception <a 'java/lang/ClassNotFoundException'{0x0000000084b618d8}: org/springframework/context/ApplicationContextAwareCustomizer> (0x0000000084b618d8) 
thrown [e:\jenkins\tmp\workspace\build\src\src\hotspot\share\classfile\systemDictionary.cpp, line 256]
Event: 4.702 Thread 0x0000023d053371c0 Exception <a 'java/lang/ClassNotFoundException'{0x0000000084b68788}: org/springframework/beans/factory/AwareCustomizer> (0x0000000084b68788) 
thrown [e:\jenkins\tmp\workspace\build\src\src\hotspot\share\classfile\systemDictionary.cpp, line 256]
Event: 4.702 Thread 0x0000023d053371c0 Exception <a 'java/lang/ClassNotFoundException'{0x0000000084b6dfb8}: org/springframework/web/context/ServletContextAwareCustomizer> (0x0000000084b6dfb8) 
thrown [e:\jenkins\tmp\workspace\build\src\src\hotspot\share\classfile\systemDictionary.cpp, line 256]
Event: 4.702 Thread 0x0000023d053371c0 Exception <a 'java/lang/ClassNotFoundException'{0x0000000084b747d8}: org/springframework/beans/factory/AwareCustomizer> (0x0000000084b747d8) 
thrown [e:\jenkins\tmp\workspace\build\src\src\hotspot\share\classfile\systemDictionary.cpp, line 256]
Event: 4.785 Thread 0x0000023d06910020 Exception <a 'java/lang/reflect/InvocationTargetException'{0x00000000842db690}> (0x00000000842db690) 
thrown [e:\jenkins\tmp\workspace\build\src\src\hotspot\share\runtime\reflection.cpp, line 1121]
Event: 4.803 Thread 0x0000023d053371c0 Exception <a 'java/lang/NoSuchMethodError'{0x0000000089f25530}: 'void java.lang.invoke.DirectMethodHandle$Holder.invokeVirtual(java.lang.Object, java.lang.Object, int)'> (0x0000000089f25530) 
thrown [e:\jenkins\tmp\workspace\build\src\src\hotspot\share\interpreter\linkResolver.cpp, line 766]
Event: 4.804 Thread 0x0000023d053371c0 Exception <a 'java/lang/NoSuchMethodError'{0x0000000089f400f8}: 'void java.lang.invoke.DirectMethodHandle$Holder.invokeVirtual(java.lang.Object, java.lang.Object, long)'> (0x0000000089f400f8) 
thrown [e:\jenkins\tmp\workspace\build\src\src\hotspot\share\interpreter\linkResolver.cpp, line 766]

VM Operations (20 events):
Event: 3.628 Executing VM operation: HandshakeAllThreads done
Event: 3.750 Executing VM operation: G1CollectForAllocation
Event: 3.754 Executing VM operation: G1CollectForAllocation done
Event: 4.075 Executing VM operation: G1CollectForAllocation
Event: 4.078 Executing VM operation: G1CollectForAllocation done
Event: 4.467 Executing VM operation: CollectForMetadataAllocation
Event: 4.470 Executing VM operation: CollectForMetadataAllocation done
Event: 4.489 Executing VM operation: G1Concurrent
Event: 4.492 Executing VM operation: G1Concurrent done
Event: 4.501 Executing VM operation: G1Concurrent
Event: 4.501 Executing VM operation: G1Concurrent done
Event: 4.585 Executing VM operation: HandshakeAllThreads
Event: 4.585 Executing VM operation: HandshakeAllThreads done
Event: 4.717 Executing VM operation: HandshakeAllThreads
Event: 4.717 Executing VM operation: HandshakeAllThreads done
Event: 4.744 Executing VM operation: HandshakeAllThreads
Event: 4.744 Executing VM operation: HandshakeAllThreads done
Event: 4.794 Executing VM operation: G1CollectForAllocation
Event: 4.799 Executing VM operation: G1CollectForAllocation done
Event: 4.813 Executing VM operation: G1CollectForAllocation

Events (20 events):
Event: 4.645 loading class java/util/regex/Pattern$GroupCurly
Event: 4.646 loading class java/util/regex/Pattern$GroupCurly done
Event: 4.686 loading class java/time/DurationEditor
Event: 4.686 loading class java/time/DurationEditor done
Event: 4.698 loading class java/lang/ObjectCustomizer
Event: 4.698 loading class java/lang/ObjectCustomizer done
Event: 4.698 loading class java/lang/ObjectCustomizer
Event: 4.698 loading class java/lang/ObjectCustomizer done
Event: 4.717 loading class java/util/ArrayList$ListItr
Event: 4.717 loading class java/util/ArrayList$ListItr done
Event: 4.734 loading class java/util/concurrent/Flow$Publisher
Event: 4.734 loading class java/util/concurrent/Flow$Publisher done
Event: 4.753 loading class java/util/EnumMap$EntrySet
Event: 4.753 loading class java/util/EnumMap$EntrySet done
Event: 4.753 loading class java/util/EnumMap$EntryIterator
Event: 4.753 loading class java/util/EnumMap$EnumMapIterator
Event: 4.753 loading class java/util/EnumMap$EnumMapIterator done
Event: 4.753 loading class java/util/EnumMap$EntryIterator done
Event: 4.765 loading class java/lang/reflect/MalformedParametersException
Event: 4.765 loading class java/lang/reflect/MalformedParametersException done


Dynamic libraries:
0x00007ff6481d0000 - 0x00007ff6481de000 	C:\Users\usuario\Downloads\sts-4.14.0.RELEASE\plugins\org.eclipse.justj.openjdk.hotspot.jre.full.win32.x86_64_17.0.2.v20220201-1208\jre\bin\javaw.exe
0x00007ff98ede0000 - 0x00007ff98efe9000 	C:\WINDOWS\SYSTEM32\ntdll.dll
0x00007ff98de30000 - 0x00007ff98deed000 	C:\WINDOWS\System32\KERNEL32.DLL
0x00007ff98c4d0000 - 0x00007ff98c844000 	C:\WINDOWS\System32\KERNELBASE.dll
0x00007ff98c970000 - 0x00007ff98ca81000 	C:\WINDOWS\System32\ucrtbase.dll
0x00007ff96cea0000 - 0x00007ff96ceb8000 	C:\Users\usuario\Downloads\sts-4.14.0.RELEASE\plugins\org.eclipse.justj.openjdk.hotspot.jre.full.win32.x86_64_17.0.2.v20220201-1208\jre\bin\jli.dll
0x00007ff968720000 - 0x00007ff968739000 	C:\Users\usuario\Downloads\sts-4.14.0.RELEASE\plugins\org.eclipse.justj.openjdk.hotspot.jre.full.win32.x86_64_17.0.2.v20220201-1208\jre\bin\VCRUNTIME140.dll
0x00007ff98ce20000 - 0x00007ff98cfcc000 	C:\WINDOWS\System32\USER32.dll
0x00007ff98c2d0000 - 0x00007ff98c2f6000 	C:\WINDOWS\System32\win32u.dll
0x00007ff9765b0000 - 0x00007ff976855000 	C:\WINDOWS\WinSxS\amd64_microsoft.windows.common-controls_6595b64144ccf1df_6.0.22000.120_none_9d947278b86cc467\COMCTL32.dll
0x00007ff98cfd0000 - 0x00007ff98cff9000 	C:\WINDOWS\System32\GDI32.dll
0x00007ff98dcd0000 - 0x00007ff98dd73000 	C:\WINDOWS\System32\msvcrt.dll
0x00007ff98c850000 - 0x00007ff98c962000 	C:\WINDOWS\System32\gdi32full.dll
0x00007ff98c300000 - 0x00007ff98c39d000 	C:\WINDOWS\System32\msvcp_win.dll
0x00007ff98dbb0000 - 0x00007ff98dbe1000 	C:\WINDOWS\System32\IMM32.DLL
0x00007ff9861c0000 - 0x00007ff9861cc000 	C:\Users\usuario\Downloads\sts-4.14.0.RELEASE\plugins\org.eclipse.justj.openjdk.hotspot.jre.full.win32.x86_64_17.0.2.v20220201-1208\jre\bin\vcruntime140_1.dll
0x00007ff94fa10000 - 0x00007ff94faa1000 	C:\Users\usuario\Downloads\sts-4.14.0.RELEASE\plugins\org.eclipse.justj.openjdk.hotspot.jre.full.win32.x86_64_17.0.2.v20220201-1208\jre\bin\msvcp140.dll
0x00007ff92b5a0000 - 0x00007ff92c1e7000 	C:\Users\usuario\Downloads\sts-4.14.0.RELEASE\plugins\org.eclipse.justj.openjdk.hotspot.jre.full.win32.x86_64_17.0.2.v20220201-1208\jre\bin\server\jvm.dll
0x00007ff98ec50000 - 0x00007ff98ecfe000 	C:\WINDOWS\System32\ADVAPI32.dll
0x00007ff98ed00000 - 0x00007ff98ed9e000 	C:\WINDOWS\System32\sechost.dll
0x00007ff98e6d0000 - 0x00007ff98e7f0000 	C:\WINDOWS\System32\RPCRT4.dll
0x00007ff98cdb0000 - 0x00007ff98cdb8000 	C:\WINDOWS\System32\PSAPI.DLL
0x00007ff979860000 - 0x00007ff979869000 	C:\WINDOWS\SYSTEM32\WSOCK32.dll
0x00007ff983e50000 - 0x00007ff983e83000 	C:\WINDOWS\SYSTEM32\WINMM.dll
0x00007ff980a80000 - 0x00007ff980a8a000 	C:\WINDOWS\SYSTEM32\VERSION.dll
0x00007ff98def0000 - 0x00007ff98df5f000 	C:\WINDOWS\System32\WS2_32.dll
0x00007ff98b3d0000 - 0x00007ff98b3e8000 	C:\WINDOWS\SYSTEM32\kernel.appcore.dll
0x00007ff985490000 - 0x00007ff98549a000 	C:\Users\usuario\Downloads\sts-4.14.0.RELEASE\plugins\org.eclipse.justj.openjdk.hotspot.jre.full.win32.x86_64_17.0.2.v20220201-1208\jre\bin\jimage.dll
0x00007ff986c90000 - 0x00007ff986eb1000 	C:\WINDOWS\SYSTEM32\DBGHELP.DLL
0x00007ff978e10000 - 0x00007ff978e41000 	C:\WINDOWS\SYSTEM32\dbgcore.DLL
0x00007ff98cc00000 - 0x00007ff98cc7f000 	C:\WINDOWS\System32\bcryptPrimitives.dll
0x00007ff969550000 - 0x00007ff969575000 	C:\Users\usuario\Downloads\sts-4.14.0.RELEASE\plugins\org.eclipse.justj.openjdk.hotspot.jre.full.win32.x86_64_17.0.2.v20220201-1208\jre\bin\java.dll
0x00007ff985410000 - 0x00007ff985428000 	C:\Users\usuario\Downloads\sts-4.14.0.RELEASE\plugins\org.eclipse.justj.openjdk.hotspot.jre.full.win32.x86_64_17.0.2.v20220201-1208\jre\bin\zip.dll
0x00007ff98d290000 - 0x00007ff98da3f000 	C:\WINDOWS\System32\SHELL32.dll
0x00007ff98a440000 - 0x00007ff98aca8000 	C:\WINDOWS\SYSTEM32\windows.storage.dll
0x00007ff98e870000 - 0x00007ff98ebe8000 	C:\WINDOWS\System32\combase.dll
0x00007ff98a2d0000 - 0x00007ff98a436000 	C:\WINDOWS\SYSTEM32\wintypes.dll
0x00007ff98e400000 - 0x00007ff98e4ea000 	C:\WINDOWS\System32\SHCORE.dll
0x00007ff98dbf0000 - 0x00007ff98dc4d000 	C:\WINDOWS\System32\shlwapi.dll
0x00007ff98c200000 - 0x00007ff98c221000 	C:\WINDOWS\SYSTEM32\profapi.dll
0x00007ff969530000 - 0x00007ff969549000 	C:\Users\usuario\Downloads\sts-4.14.0.RELEASE\plugins\org.eclipse.justj.openjdk.hotspot.jre.full.win32.x86_64_17.0.2.v20220201-1208\jre\bin\net.dll
0x00007ff983420000 - 0x00007ff98352c000 	C:\WINDOWS\SYSTEM32\WINHTTP.dll
0x00007ff98b800000 - 0x00007ff98b867000 	C:\WINDOWS\system32\mswsock.dll
0x00007ff969510000 - 0x00007ff969525000 	C:\Users\usuario\Downloads\sts-4.14.0.RELEASE\plugins\org.eclipse.justj.openjdk.hotspot.jre.full.win32.x86_64_17.0.2.v20220201-1208\jre\bin\nio.dll
0x00007ff984900000 - 0x00007ff984909000 	C:\Users\usuario\Downloads\sts-4.14.0.RELEASE\plugins\org.eclipse.justj.openjdk.hotspot.jre.full.win32.x86_64_17.0.2.v20220201-1208\jre\bin\management.dll
0x00007ff979790000 - 0x00007ff97979b000 	C:\Users\usuario\Downloads\sts-4.14.0.RELEASE\plugins\org.eclipse.justj.openjdk.hotspot.jre.full.win32.x86_64_17.0.2.v20220201-1208\jre\bin\management_ext.dll
0x00007ff96cd70000 - 0x00007ff96cd87000 	C:\WINDOWS\system32\napinsp.dll
0x00007ff96cd00000 - 0x00007ff96cd1b000 	C:\WINDOWS\system32\pnrpnsp.dll
0x00007ff98af70000 - 0x00007ff98b058000 	C:\WINDOWS\SYSTEM32\DNSAPI.dll
0x00007ff98af40000 - 0x00007ff98af6d000 	C:\WINDOWS\SYSTEM32\IPHLPAPI.DLL
0x00007ff98e3d0000 - 0x00007ff98e3d9000 	C:\WINDOWS\System32\NSI.dll
0x00007ff96cbb0000 - 0x00007ff96cbc2000 	C:\WINDOWS\System32\winrnr.dll
0x00007ff96cb10000 - 0x00007ff96cb25000 	C:\WINDOWS\system32\wshbth.dll
0x00007ff96caf0000 - 0x00007ff96cb0f000 	C:\WINDOWS\system32\nlansp_c.dll
0x00007ff97a680000 - 0x00007ff97a68a000 	C:\Windows\System32\rasadhlp.dll
0x00007ff980970000 - 0x00007ff9809f1000 	C:\WINDOWS\System32\fwpuclnt.dll
0x00007ff98ba40000 - 0x00007ff98ba58000 	C:\WINDOWS\SYSTEM32\CRYPTSP.dll
0x00007ff98b330000 - 0x00007ff98b365000 	C:\WINDOWS\system32\rsaenh.dll
0x00007ff98b8f0000 - 0x00007ff98b919000 	C:\WINDOWS\SYSTEM32\USERENV.dll
0x00007ff98bbc0000 - 0x00007ff98bbe7000 	C:\WINDOWS\SYSTEM32\bcrypt.dll
0x00007ff98ba60000 - 0x00007ff98ba6c000 	C:\WINDOWS\SYSTEM32\CRYPTBASE.dll
0x00007ff983690000 - 0x00007ff9836a9000 	C:\WINDOWS\SYSTEM32\dhcpcsvc6.DLL
0x00007ff983bc0000 - 0x00007ff983bde000 	C:\WINDOWS\SYSTEM32\dhcpcsvc.DLL
0x00007ff985440000 - 0x00007ff985450000 	C:\Users\usuario\Downloads\sts-4.14.0.RELEASE\plugins\org.eclipse.justj.openjdk.hotspot.jre.full.win32.x86_64_17.0.2.v20220201-1208\jre\bin\verify.dll
0x00007ff9854a0000 - 0x00007ff9854ae000 	C:\Users\usuario\Downloads\sts-4.14.0.RELEASE\plugins\org.eclipse.justj.openjdk.hotspot.jre.full.win32.x86_64_17.0.2.v20220201-1208\jre\bin\sunmscapi.dll
0x00007ff98ca90000 - 0x00007ff98cbf2000 	C:\WINDOWS\System32\CRYPT32.dll
0x00007ff98bb90000 - 0x00007ff98bbb8000 	C:\WINDOWS\SYSTEM32\ncrypt.dll
0x00007ff98bb50000 - 0x00007ff98bb87000 	C:\WINDOWS\SYSTEM32\NTASN1.dll

dbghelp: loaded successfully - version: 4.0.5 - missing functions: none
symbol engine: initialized successfully - sym options: 0x614 - pdb path: .;C:\Users\usuario\Downloads\sts-4.14.0.RELEASE\plugins\org.eclipse.justj.openjdk.hotspot.jre.full.win32.x86_64_17.0.2.v20220201-1208\jre\bin;C:\WINDOWS\SYSTEM32;C:\WINDOWS\WinSxS\amd64_microsoft.windows.common-controls_6595b64144ccf1df_6.0.22000.120_none_9d947278b86cc467;C:\Users\usuario\Downloads\sts-4.14.0.RELEASE\plugins\org.eclipse.justj.openjdk.hotspot.jre.full.win32.x86_64_17.0.2.v20220201-1208\jre\bin\server

VM Arguments:
jvm_args: -Dcom.sun.management.jmxremote -Dcom.sun.management.jmxremote.port=64593 -Dcom.sun.management.jmxremote.authenticate=false -Dcom.sun.management.jmxremote.ssl=false -Djava.rmi.server.hostname=localhost -Dspring.jmx.enabled=true -Dspring.application.admin.enabled=true -XX:TieredStopAtLevel=1 -Dspring.boot.project.name=famacia -Dfile.encoding=UTF-8 -XX:+ShowCodeDetailsInExceptionMessages 
java_command: com.generation.farmacia.FamaciaApplication --spring.output.ansi.enabled=always
java_class_path (initial): C:\Users\usuario\Documents\Aula Java Generation\famacia\target\classes;C:\Users\usuario\.m2\repository\org\springframework\boot\spring-boot-starter-data-jpa\2.6.7\spring-boot-starter-data-jpa-2.6.7.jar;C:\Users\usuario\.m2\repository\org\springframework\boot\spring-boot-starter-aop\2.6.7\spring-boot-starter-aop-2.6.7.jar;C:\Users\usuario\.m2\repository\org\springframework\spring-aop\5.3.19\spring-aop-5.3.19.jar;C:\Users\usuario\.m2\repository\org\aspectj\aspectjweaver\1.9.7\aspectjweaver-1.9.7.jar;C:\Users\usuario\.m2\repository\org\springframework\boot\spring-boot-starter-jdbc\2.6.7\spring-boot-starter-jdbc-2.6.7.jar;C:\Users\usuario\.m2\repository\com\zaxxer\HikariCP\4.0.3\HikariCP-4.0.3.jar;C:\Users\usuario\.m2\repository\org\springframework\spring-jdbc\5.3.19\spring-jdbc-5.3.19.jar;C:\Users\usuario\.m2\repository\jakarta\transaction\jakarta.transaction-api\1.3.3\jakarta.transaction-api-1.3.3.jar;C:\Users\usuario\.m2\repository\jakarta\persistence\jakarta.persistence-api\2.2.3\jakarta.persistence-api-2.2.3.jar;C:\Users\usuario\.m2\repository\org\hibernate\hibernate-core\5.6.8.Final\hibernate-core-5.6.8.Final.jar;C:\Users\usuario\.m2\repository\org\jboss\logging\jboss-logging\3.4.3.Final\jboss-logging-3.4.3.Final.jar;C:\Users\usuario\.m2\repository\net\bytebuddy\byte-buddy\1.11.22\byte-buddy-1.11.22.jar;C:\Users\usuario\.m2\repository\antlr\antlr\2.7.7\antlr-2.7.7.jar;C:\Users\usuario\.m2\repository\org\jboss\jandex\2.4.2.Final\jandex-2.4.2.Final.jar;C:\Users\usuario\.m2\repository\com\fasterxml\classmate\1.5.1\classmate-1.5.1.jar;C:\Users\usuario\.m2\repository\org\hibernate\common\hibernate-commons-annotations\5.1.2.Final\hibernate-commons-annotations-5.1.2.Final.jar;C:\Users\usuario\.m2\repository\org\glassfish\jaxb\jaxb-runtime\2.3.6\jaxb-runtime-2.3.6.jar;C:\Users\usuario\.m2\repository\org\glassfish\jaxb\txw2\2.3.6\txw2-2.3.6.jar;C:\Users\usuario\.m2\repository\com\sun\istack\istack-commons-runtime\3.0.12\istack-commons-runtime-3
Launcher Type: SUN_STANDARD

[Global flags]
     intx CICompilerCount                          = 4                                         {product} {ergonomic}
     uint ConcGCThreads                            = 2                                         {product} {ergonomic}
     uint G1ConcRefinementThreads                  = 8                                         {product} {ergonomic}
   size_t G1HeapRegionSize                         = 1048576                                   {product} {ergonomic}
    uintx GCDrainStackTargetSize                   = 64                                        {product} {ergonomic}
   size_t InitialHeapSize                          = 132120576                                 {product} {ergonomic}
     bool ManagementServer                         = true                                      {product} {command line}
   size_t MarkStackSize                            = 4194304                                   {product} {ergonomic}
   size_t MaxHeapSize                              = 2111832064                                {product} {ergonomic}
   size_t MaxNewSize                               = 1266679808                                {product} {ergonomic}
   size_t MinHeapDeltaBytes                        = 1048576                                   {product} {ergonomic}
   size_t MinHeapSize                              = 8388608                                   {product} {ergonomic}
    uintx NonProfiledCodeHeapSize                  = 0                                      {pd product} {ergonomic}
     bool ProfileInterpreter                       = false                                  {pd product} {command line}
    uintx ProfiledCodeHeapSize                     = 0                                      {pd product} {ergonomic}
     bool ShowCodeDetailsInExceptionMessages       = true                                   {manageable} {command line}
   size_t SoftMaxHeapSize                          = 2111832064                             {manageable} {ergonomic}
     intx TieredStopAtLevel                        = 1                                         {product} {command line}
     bool UseCompressedClassPointers               = true                           {product lp64_product} {ergonomic}
     bool UseCompressedOops                        = true                           {product lp64_product} {ergonomic}
     bool UseG1GC                                  = true                                      {product} {ergonomic}
     bool UseLargePagesIndividualAllocation        = false                                  {pd product} {ergonomic}

Logging:
Log output configuration:
 #0: stdout all=warning uptime,level,tags
 #1: stderr all=off uptime,level,tags

Environment Variables:
PATH=C:/Users/usuario/Downloads/sts-4.14.0.RELEASE//plugins/org.eclipse.justj.openjdk.hotspot.jre.full.win32.x86_64_17.0.2.v20220201-1208/jre/bin/server;C:/Users/usuario/Downloads/sts-4.14.0.RELEASE//plugins/org.eclipse.justj.openjdk.hotspot.jre.full.win32.x86_64_17.0.2.v20220201-1208/jre/bin;C:\Program Files\Common Files\Oracle\Java\javapath;C:\Program Files (x86)\Common Files\Oracle\Java\javapath;C:\WINDOWS\system32;C:\WINDOWS;C:\WINDOWS\System32\Wbem;C:\WINDOWS\System32\WindowsPowerShell\v1.0\;C:\WINDOWS\System32\OpenSSH\;C:\Program Files (x86)\Intel\Intel(R) Management Engine Components\DAL;C:\Program Files\Intel\Intel(R) Management Engine Components\DAL;C:\ProgramData\UNIVALI\Portugol Studio;C:\Program Files\nodejs\;C:\Program Files\Git\cmd;C:\Users\usuario\AppData\Local\Microsoft\WindowsApps;;C:\Users\usuario\AppData\Local\Programs\Microsoft VS Code\bin;C:\Users\usuario\AppData\Roaming\npm;C:\Users\usuario\Downloads\sts-4.14.0.RELEASE;
USERNAME=usuario
OS=Windows_NT
PROCESSOR_IDENTIFIER=Intel64 Family 6 Model 142 Stepping 10, GenuineIntel



---------------  S Y S T E M  ---------------

OS:
 Windows 11 , 64 bit Build 22000 (10.0.22000.613)
OS uptime: 0 days 23:25 hours

CPU: total 8 (initial active 8) (4 cores per cpu, 2 threads per core) family 6 model 142 stepping 10 microcode 0xe0, cx8, cmov, fxsr, ht, mmx, 3dnowpref, sse, sse2, sse3, ssse3, sse4.1, sse4.2, popcnt, lzcnt, tsc, tscinvbit, avx, avx2, aes, erms, clmul, bmi1, bmi2, adx, fma, vzeroupper, clflush, clflushopt

Memory: 4k page, system-wide physical 8050M (417M free)
TotalPageFile size 12146M (AvailPageFile size 22M)
current process WorkingSet (physical memory assigned to process): 195M, peak: 195M
current process commit charge ("private bytes"): 227M, peak: 251M

vm_info: OpenJDK 64-Bit Server VM (17.0.2+8) for windows-amd64 JRE (17.0.2+8), built on Jan 20 2022 04:52:34 by "" with MS VC++ 16.7 (VS2019)

END.
